<?xml version="1.0" encoding="UTF-8"?>
<!-- Generated by org.testng.reporters.JUnitXMLReporter -->
<testsuite ignored="0" hostname="PRASAD" failures="2" tests="3" name="Test" time="27.164" errors="0" timestamp="2023-02-18T16:06:56 IST">
  <testcase classname="testCases.verifylogin" name="login" time="2.98">
    <failure type="java.lang.AssertionError" message="The following asserts failed:
	Error message is matching expected [Please check your and password.If you still can&amp;apos;t log in,contact your salesfprce administrator.] but found [Please check your username and password. If you still can&amp;apos;t log in, contact your Salesforce administrator.]">
      <![CDATA[java.lang.AssertionError: The following asserts failed:
Error message is matching expected [Please check your and password.If you still can't log in,contact your salesfprce administrator.] but found [Please check your username and password. If you still can't log in, contact your Salesforce administrator.]
at testCases.verifylogin.login(verifylogin.java:42)
at java.base/java.util.ArrayList.forEach(ArrayList.java:1511)
... Removed 29 stack frames]]>
    </failure>
  </testcase> <!-- login -->
  <testcase classname="testCases.verifylogin" name="login" time="3.277">
    <failure type="java.lang.AssertionError" message="The following asserts failed:
	Error message is matching expected [Please check your and password.If you still can&amp;apos;t log in,contact your salesfprce administrator.] but found [Please check your username and password. If you still can&amp;apos;t log in, contact your Salesforce administrator.]">
      <![CDATA[java.lang.AssertionError: The following asserts failed:
Error message is matching expected [Please check your and password.If you still can't log in,contact your salesfprce administrator.] but found [Please check your username and password. If you still can't log in, contact your Salesforce administrator.]
at testCases.verifylogin.login(verifylogin.java:42)
at java.base/java.util.ArrayList.forEach(ArrayList.java:1511)
... Removed 29 stack frames]]>
    </failure>
  </testcase> <!-- login -->
  <testcase classname="testCases.verifySignup" name="signup" time="5.635"/>
</testsuite> <!-- Test -->
